F:\home\mds\csc344\csc344-wi14\project3\Builds\VisualStudio2012\Debug\p3.lib
F:\home\mds\csc344\csc344-wi14\project3\Builds\VisualStudio2012\Debug\p3.exp
F:\home\mds\csc344\csc344-wi14\project3\Builds\VisualStudio2012\Debug\juce_audio_basics.obj
F:\home\mds\csc344\csc344-wi14\project3\Builds\VisualStudio2012\Debug\juce_opengl.obj
F:\home\mds\csc344\csc344-wi14\project3\Builds\VisualStudio2012\Debug\juce_core.obj
F:\home\mds\csc344\csc344-wi14\project3\Builds\VisualStudio2012\Debug\juce_RTAS_DigiCode2.obj
F:\home\mds\csc344\csc344-wi14\project3\Builds\VisualStudio2012\Debug\juce_gui_extra.obj
F:\home\mds\csc344\csc344-wi14\project3\Builds\VisualStudio2012\Debug\juce_cryptography.obj
F:\home\mds\csc344\csc344-wi14\project3\Builds\VisualStudio2012\Debug\juce_AAX_Wrapper.obj
F:\home\mds\csc344\csc344-wi14\project3\Builds\VisualStudio2012\Debug\juce_RTAS_DigiCode3.obj
F:\home\mds\csc344\csc344-wi14\project3\Builds\VisualStudio2012\Debug\juce_RTAS_WinUtilities.obj
F:\home\mds\csc344\csc344-wi14\project3\Builds\VisualStudio2012\Debug\juce_events.obj
F:\home\mds\csc344\csc344-wi14\project3\Builds\VisualStudio2012\Debug\juce_audio_devices.obj
F:\home\mds\csc344\csc344-wi14\project3\Builds\VisualStudio2012\Debug\juce_audio_processors.obj
F:\home\mds\csc344\csc344-wi14\project3\Builds\VisualStudio2012\Debug\juce_VST_Wrapper.obj
F:\home\mds\csc344\csc344-wi14\project3\Builds\VisualStudio2012\Debug\juce_graphics.obj
F:\home\mds\csc344\csc344-wi14\project3\Builds\VisualStudio2012\Debug\juce_RTAS_DigiCode1.obj
F:\home\mds\csc344\csc344-wi14\project3\Builds\VisualStudio2012\Debug\juce_gui_basics.obj
F:\home\mds\csc344\csc344-wi14\project3\Builds\VisualStudio2012\Debug\PluginProcessor.obj
F:\home\mds\csc344\csc344-wi14\project3\Builds\VisualStudio2012\Debug\juce_video.obj
F:\home\mds\csc344\csc344-wi14\project3\Builds\VisualStudio2012\Debug\juce_data_structures.obj
F:\home\mds\csc344\csc344-wi14\project3\Builds\VisualStudio2012\Debug\PluginEditor.obj
F:\home\mds\csc344\csc344-wi14\project3\Builds\VisualStudio2012\Debug\juce_PluginUtilities.obj
F:\home\mds\csc344\csc344-wi14\project3\Builds\VisualStudio2012\Debug\juce_audio_formats.obj
F:\home\mds\csc344\csc344-wi14\project3\Builds\VisualStudio2012\Debug\juce_RTAS_Wrapper.obj
F:\home\mds\csc344\csc344-wi14\project3\Builds\VisualStudio2012\Debug\p3.ilk
F:\home\mds\csc344\csc344-wi14\project3\Builds\VisualStudio2012\Debug\CL.5096.read.1.tlog
F:\home\mds\csc344\csc344-wi14\project3\Builds\VisualStudio2012\Debug\CL.5156.read.1.tlog
F:\home\mds\csc344\csc344-wi14\project3\Builds\VisualStudio2012\Debug\CL.1680.read.1.tlog
F:\home\mds\csc344\csc344-wi14\project3\Builds\VisualStudio2012\Debug\link.4160-cvtres.read.1.tlog
F:\home\mds\csc344\csc344-wi14\project3\Builds\VisualStudio2012\Debug\CL.4200.write.1.tlog
F:\home\mds\csc344\csc344-wi14\project3\Builds\VisualStudio2012\Debug\CL.6340.write.1.tlog
F:\home\mds\csc344\csc344-wi14\project3\Builds\VisualStudio2012\Debug\CL.read.1.tlog
F:\home\mds\csc344\csc344-wi14\project3\Builds\VisualStudio2012\Debug\CL.3416.write.1.tlog
F:\home\mds\csc344\csc344-wi14\project3\Builds\VisualStudio2012\Debug\link.6900.write.1.tlog
F:\home\mds\csc344\csc344-wi14\project3\Builds\VisualStudio2012\Debug\CL.7156.write.1.tlog
F:\home\mds\csc344\csc344-wi14\project3\Builds\VisualStudio2012\Debug\CL.2708.read.1.tlog
F:\home\mds\csc344\csc344-wi14\project3\Builds\VisualStudio2012\Debug\CL.7156.read.1.tlog
F:\home\mds\csc344\csc344-wi14\project3\Builds\VisualStudio2012\Debug\CL.2576.write.1.tlog
F:\home\mds\csc344\csc344-wi14\project3\Builds\VisualStudio2012\Debug\link.5660-rc.write.1.tlog
F:\home\mds\csc344\csc344-wi14\project3\Builds\VisualStudio2012\Debug\CL.3244.read.1.tlog
F:\home\mds\csc344\csc344-wi14\project3\Builds\VisualStudio2012\Debug\CL.4404.read.1.tlog
F:\home\mds\csc344\csc344-wi14\project3\Builds\VisualStudio2012\Debug\CL.3368.write.1.tlog
F:\home\mds\csc344\csc344-wi14\project3\Builds\VisualStudio2012\Debug\link.3108-cvtres.write.1.tlog
F:\home\mds\csc344\csc344-wi14\project3\Builds\VisualStudio2012\Debug\link.4160.read.1.tlog
F:\home\mds\csc344\csc344-wi14\project3\Builds\VisualStudio2012\Debug\CL.4564.write.1.tlog
F:\home\mds\csc344\csc344-wi14\project3\Builds\VisualStudio2012\Debug\CL.3352.read.1.tlog
F:\home\mds\csc344\csc344-wi14\project3\Builds\VisualStudio2012\Debug\CL.3460.write.1.tlog
F:\home\mds\csc344\csc344-wi14\project3\Builds\VisualStudio2012\Debug\CL.2216.read.1.tlog
F:\home\mds\csc344\csc344-wi14\project3\Builds\VisualStudio2012\Debug\link.4552-rc.read.1.tlog
F:\home\mds\csc344\csc344-wi14\project3\Builds\VisualStudio2012\Debug\CL.4688.read.1.tlog
F:\home\mds\csc344\csc344-wi14\project3\Builds\VisualStudio2012\Debug\link.6900-cvtres.write.1.tlog
F:\home\mds\csc344\csc344-wi14\project3\Builds\VisualStudio2012\Debug\link.5660-rc.read.1.tlog
F:\home\mds\csc344\csc344-wi14\project3\Builds\VisualStudio2012\Debug\CL.3092.read.1.tlog
F:\home\mds\csc344\csc344-wi14\project3\Builds\VisualStudio2012\Debug\CL.4016.write.1.tlog
F:\home\mds\csc344\csc344-wi14\project3\Builds\VisualStudio2012\Debug\link.4552.write.1.tlog
F:\home\mds\csc344\csc344-wi14\project3\Builds\VisualStudio2012\Debug\CL.5360.read.1.tlog
F:\home\mds\csc344\csc344-wi14\project3\Builds\VisualStudio2012\Debug\CL.5028.read.1.tlog
F:\home\mds\csc344\csc344-wi14\project3\Builds\VisualStudio2012\Debug\CL.4392.read.1.tlog
F:\home\mds\csc344\csc344-wi14\project3\Builds\VisualStudio2012\Debug\CL.7100.write.1.tlog
F:\home\mds\csc344\csc344-wi14\project3\Builds\VisualStudio2012\Debug\link.read.1.tlog
F:\home\mds\csc344\csc344-wi14\project3\Builds\VisualStudio2012\Debug\CL.6628.read.1.tlog
F:\home\mds\csc344\csc344-wi14\project3\Builds\VisualStudio2012\Debug\CL.5972.read.1.tlog
F:\home\mds\csc344\csc344-wi14\project3\Builds\VisualStudio2012\Debug\CL.2396.read.1.tlog
F:\home\mds\csc344\csc344-wi14\project3\Builds\VisualStudio2012\Debug\link.6900-rc.read.1.tlog
F:\home\mds\csc344\csc344-wi14\project3\Builds\VisualStudio2012\Debug\link.3956-cvtres.write.1.tlog
F:\home\mds\csc344\csc344-wi14\project3\Builds\VisualStudio2012\Debug\link.5660.read.1.tlog
F:\home\mds\csc344\csc344-wi14\project3\Builds\VisualStudio2012\Debug\link.6836-cvtres.read.1.tlog
F:\home\mds\csc344\csc344-wi14\project3\Builds\VisualStudio2012\Debug\CL.3920.read.1.tlog
F:\home\mds\csc344\csc344-wi14\project3\Builds\VisualStudio2012\Debug\CL.2748.read.1.tlog
F:\home\mds\csc344\csc344-wi14\project3\Builds\VisualStudio2012\Debug\CL.5028.write.1.tlog
F:\home\mds\csc344\csc344-wi14\project3\Builds\VisualStudio2012\Debug\CL.1628.write.1.tlog
F:\home\mds\csc344\csc344-wi14\project3\Builds\VisualStudio2012\Debug\CL.852.write.1.tlog
F:\home\mds\csc344\csc344-wi14\project3\Builds\VisualStudio2012\Debug\CL.3460.read.1.tlog
F:\home\mds\csc344\csc344-wi14\project3\Builds\VisualStudio2012\Debug\CL.1872.read.1.tlog
F:\home\mds\csc344\csc344-wi14\project3\Builds\VisualStudio2012\Debug\CL.4512.read.1.tlog
F:\home\mds\csc344\csc344-wi14\project3\Builds\VisualStudio2012\Debug\link.1744-rc.read.1.tlog
F:\home\mds\csc344\csc344-wi14\project3\Builds\VisualStudio2012\Debug\CL.4720.read.1.tlog
F:\home\mds\csc344\csc344-wi14\project3\Builds\VisualStudio2012\Debug\CL.3524.write.1.tlog
F:\home\mds\csc344\csc344-wi14\project3\Builds\VisualStudio2012\Debug\link.3480.write.1.tlog
F:\home\mds\csc344\csc344-wi14\project3\Builds\VisualStudio2012\Debug\CL.5536.write.1.tlog
F:\home\mds\csc344\csc344-wi14\project3\Builds\VisualStudio2012\Debug\link.3108-cvtres.read.1.tlog
F:\home\mds\csc344\csc344-wi14\project3\Builds\VisualStudio2012\Debug\CL.4104.write.1.tlog
F:\home\mds\csc344\csc344-wi14\project3\Builds\VisualStudio2012\Debug\CL.4848.read.1.tlog
F:\home\mds\csc344\csc344-wi14\project3\Builds\VisualStudio2012\Debug\CL.3960.write.1.tlog
F:\home\mds\csc344\csc344-wi14\project3\Builds\VisualStudio2012\Debug\CL.1872.write.1.tlog
F:\home\mds\csc344\csc344-wi14\project3\Builds\VisualStudio2012\Debug\CL.5456.read.1.tlog
F:\home\mds\csc344\csc344-wi14\project3\Builds\VisualStudio2012\Debug\CL.5752.write.1.tlog
F:\home\mds\csc344\csc344-wi14\project3\Builds\VisualStudio2012\Debug\link.3480-cvtres.read.1.tlog
F:\home\mds\csc344\csc344-wi14\project3\Builds\VisualStudio2012\Debug\link.4552-cvtres.read.1.tlog
F:\home\mds\csc344\csc344-wi14\project3\Builds\VisualStudio2012\Debug\CL.4104.read.1.tlog
F:\home\mds\csc344\csc344-wi14\project3\Builds\VisualStudio2012\Debug\CL.2128.write.1.tlog
F:\home\mds\csc344\csc344-wi14\project3\Builds\VisualStudio2012\Debug\CL.1148.write.1.tlog
F:\home\mds\csc344\csc344-wi14\project3\Builds\VisualStudio2012\Debug\link.4160-cvtres.write.1.tlog
F:\home\mds\csc344\csc344-wi14\project3\Builds\VisualStudio2012\Debug\CL.1204.write.1.tlog
F:\home\mds\csc344\csc344-wi14\project3\Builds\VisualStudio2012\Debug\CL.2748.write.1.tlog
F:\home\mds\csc344\csc344-wi14\project3\Builds\VisualStudio2012\Debug\CL.2016.write.1.tlog
F:\home\mds\csc344\csc344-wi14\project3\Builds\VisualStudio2012\Debug\CL.2384.write.1.tlog
F:\home\mds\csc344\csc344-wi14\project3\Builds\VisualStudio2012\Debug\CL.1204.read.1.tlog
F:\home\mds\csc344\csc344-wi14\project3\Builds\VisualStudio2012\Debug\CL.2628.read.1.tlog
F:\home\mds\csc344\csc344-wi14\project3\Builds\VisualStudio2012\Debug\link.3108-rc.read.1.tlog
F:\home\mds\csc344\csc344-wi14\project3\Builds\VisualStudio2012\Debug\link-rc.write.1.tlog
F:\home\mds\csc344\csc344-wi14\project3\Builds\VisualStudio2012\Debug\CL.4100.read.1.tlog
F:\home\mds\csc344\csc344-wi14\project3\Builds\VisualStudio2012\Debug\CL.5364.read.1.tlog
F:\home\mds\csc344\csc344-wi14\project3\Builds\VisualStudio2012\Debug\CL.5308.read.1.tlog
F:\home\mds\csc344\csc344-wi14\project3\Builds\VisualStudio2012\Debug\link.6836-rc.write.1.tlog
F:\home\mds\csc344\csc344-wi14\project3\Builds\VisualStudio2012\Debug\CL.5448.write.1.tlog
F:\home\mds\csc344\csc344-wi14\project3\Builds\VisualStudio2012\Debug\rc.write.1.tlog
F:\home\mds\csc344\csc344-wi14\project3\Builds\VisualStudio2012\Debug\CL.1628.read.1.tlog
F:\home\mds\csc344\csc344-wi14\project3\Builds\VisualStudio2012\Debug\CL.6620.read.1.tlog
F:\home\mds\csc344\csc344-wi14\project3\Builds\VisualStudio2012\Debug\link.1744-rc.write.1.tlog
F:\home\mds\csc344\csc344-wi14\project3\Builds\VisualStudio2012\Debug\link-cvtres.write.1.tlog
F:\home\mds\csc344\csc344-wi14\project3\Builds\VisualStudio2012\Debug\CL.3000.read.1.tlog
F:\home\mds\csc344\csc344-wi14\project3\Builds\VisualStudio2012\Debug\CL.4112.read.1.tlog
F:\home\mds\csc344\csc344-wi14\project3\Builds\VisualStudio2012\Debug\link.4552.read.1.tlog
F:\home\mds\csc344\csc344-wi14\project3\Builds\VisualStudio2012\Debug\CL.984.write.1.tlog
F:\home\mds\csc344\csc344-wi14\project3\Builds\VisualStudio2012\Debug\CL.2624.write.1.tlog
F:\home\mds\csc344\csc344-wi14\project3\Builds\VisualStudio2012\Debug\CL.6620.write.1.tlog
F:\home\mds\csc344\csc344-wi14\project3\Builds\VisualStudio2012\Debug\CL.1772.read.1.tlog
F:\home\mds\csc344\csc344-wi14\project3\Builds\VisualStudio2012\Debug\CL.7100.read.1.tlog
F:\home\mds\csc344\csc344-wi14\project3\Builds\VisualStudio2012\Debug\CL.2128.read.1.tlog
F:\home\mds\csc344\csc344-wi14\project3\Builds\VisualStudio2012\Debug\CL.4536.read.1.tlog
F:\home\mds\csc344\csc344-wi14\project3\Builds\VisualStudio2012\Debug\CL.3092.write.1.tlog
F:\home\mds\csc344\csc344-wi14\project3\Builds\VisualStudio2012\Debug\CL.4240.read.1.tlog
F:\home\mds\csc344\csc344-wi14\project3\Builds\VisualStudio2012\Debug\CL.852.read.1.tlog
F:\home\mds\csc344\csc344-wi14\project3\Builds\VisualStudio2012\Debug\link.3480-rc.write.1.tlog
F:\home\mds\csc344\csc344-wi14\project3\Builds\VisualStudio2012\Debug\link.3956.write.1.tlog
F:\home\mds\csc344\csc344-wi14\project3\Builds\VisualStudio2012\Debug\link.4160.write.1.tlog
F:\home\mds\csc344\csc344-wi14\project3\Builds\VisualStudio2012\Debug\CL.6340.read.1.tlog
F:\home\mds\csc344\csc344-wi14\project3\Builds\VisualStudio2012\Debug\CL.4412.read.1.tlog
F:\home\mds\csc344\csc344-wi14\project3\Builds\VisualStudio2012\Debug\link.2976.write.1.tlog
F:\home\mds\csc344\csc344-wi14\project3\Builds\VisualStudio2012\Debug\rc.read.1.tlog
F:\home\mds\csc344\csc344-wi14\project3\Builds\VisualStudio2012\Debug\link.2976-rc.write.1.tlog
F:\home\mds\csc344\csc344-wi14\project3\Builds\VisualStudio2012\Debug\link.1744-cvtres.write.1.tlog
F:\home\mds\csc344\csc344-wi14\project3\Builds\VisualStudio2012\Debug\link.5004.write.1.tlog
F:\home\mds\csc344\csc344-wi14\project3\Builds\VisualStudio2012\Debug\CL.3828.write.1.tlog
F:\home\mds\csc344\csc344-wi14\project3\Builds\VisualStudio2012\Debug\CL.1020.read.1.tlog
F:\home\mds\csc344\csc344-wi14\project3\Builds\VisualStudio2012\Debug\link.3108-rc.write.1.tlog
F:\home\mds\csc344\csc344-wi14\project3\Builds\VisualStudio2012\Debug\link.5660-cvtres.read.1.tlog
F:\home\mds\csc344\csc344-wi14\project3\Builds\VisualStudio2012\Debug\link.3480.read.1.tlog
F:\home\mds\csc344\csc344-wi14\project3\Builds\VisualStudio2012\Debug\CL.1672.write.1.tlog
F:\home\mds\csc344\csc344-wi14\project3\Builds\VisualStudio2012\Debug\CL.172.read.1.tlog
F:\home\mds\csc344\csc344-wi14\project3\Builds\VisualStudio2012\Debug\CL.4536.write.1.tlog
F:\home\mds\csc344\csc344-wi14\project3\Builds\VisualStudio2012\Debug\CL.5752.read.1.tlog
F:\home\mds\csc344\csc344-wi14\project3\Builds\VisualStudio2012\Debug\CL.2856.read.1.tlog
F:\home\mds\csc344\csc344-wi14\project3\Builds\VisualStudio2012\Debug\CL.2164.write.1.tlog
F:\home\mds\csc344\csc344-wi14\project3\Builds\VisualStudio2012\Debug\CL.4404.write.1.tlog
F:\home\mds\csc344\csc344-wi14\project3\Builds\VisualStudio2012\Debug\link.3956.read.1.tlog
F:\home\mds\csc344\csc344-wi14\project3\Builds\VisualStudio2012\Debug\CL.4200.read.1.tlog
F:\home\mds\csc344\csc344-wi14\project3\Builds\VisualStudio2012\Debug\CL.4240.write.1.tlog
F:\home\mds\csc344\csc344-wi14\project3\Builds\VisualStudio2012\Debug\CL.3540.read.1.tlog
F:\home\mds\csc344\csc344-wi14\project3\Builds\VisualStudio2012\Debug\CL.2372.read.1.tlog
F:\home\mds\csc344\csc344-wi14\project3\Builds\VisualStudio2012\Debug\link.3956-cvtres.read.1.tlog
F:\home\mds\csc344\csc344-wi14\project3\Builds\VisualStudio2012\Debug\CL.4712.read.1.tlog
F:\home\mds\csc344\csc344-wi14\project3\Builds\VisualStudio2012\Debug\CL.2372.write.1.tlog
F:\home\mds\csc344\csc344-wi14\project3\Builds\VisualStudio2012\Debug\CL.5316.write.1.tlog
F:\home\mds\csc344\csc344-wi14\project3\Builds\VisualStudio2012\Debug\CL.2628.write.1.tlog
F:\home\mds\csc344\csc344-wi14\project3\Builds\VisualStudio2012\Debug\link.2976-cvtres.write.1.tlog
F:\home\mds\csc344\csc344-wi14\project3\Builds\VisualStudio2012\Debug\link.5004-cvtres.read.1.tlog
F:\home\mds\csc344\csc344-wi14\project3\Builds\VisualStudio2012\Debug\CL.4780.read.1.tlog
F:\home\mds\csc344\csc344-wi14\project3\Builds\VisualStudio2012\Debug\CL.3032.read.1.tlog
F:\home\mds\csc344\csc344-wi14\project3\Builds\VisualStudio2012\Debug\link.3956-rc.write.1.tlog
F:\home\mds\csc344\csc344-wi14\project3\Builds\VisualStudio2012\Debug\CL.3584.write.1.tlog
F:\home\mds\csc344\csc344-wi14\project3\Builds\VisualStudio2012\Debug\CL.4760.write.1.tlog
F:\home\mds\csc344\csc344-wi14\project3\Builds\VisualStudio2012\Debug\link.3480-rc.read.1.tlog
F:\home\mds\csc344\csc344-wi14\project3\Builds\VisualStudio2012\Debug\CL.6628.write.1.tlog
F:\home\mds\csc344\csc344-wi14\project3\Builds\VisualStudio2012\Debug\CL.2016.read.1.tlog
F:\home\mds\csc344\csc344-wi14\project3\Builds\VisualStudio2012\Debug\link.1744.write.1.tlog
F:\home\mds\csc344\csc344-wi14\project3\Builds\VisualStudio2012\Debug\rc.command.1.tlog
F:\home\mds\csc344\csc344-wi14\project3\Builds\VisualStudio2012\Debug\link.2976-rc.read.1.tlog
F:\home\mds\csc344\csc344-wi14\project3\Builds\VisualStudio2012\Debug\CL.3116.read.1.tlog
F:\home\mds\csc344\csc344-wi14\project3\Builds\VisualStudio2012\Debug\CL.3244.write.1.tlog
F:\home\mds\csc344\csc344-wi14\project3\Builds\VisualStudio2012\Debug\CL.988.write.1.tlog
F:\home\mds\csc344\csc344-wi14\project3\Builds\VisualStudio2012\Debug\link.4160-rc.write.1.tlog
F:\home\mds\csc344\csc344-wi14\project3\Builds\VisualStudio2012\Debug\CL.4112.write.1.tlog
F:\home\mds\csc344\csc344-wi14\project3\Builds\VisualStudio2012\Debug\link.6836-rc.read.1.tlog
F:\home\mds\csc344\csc344-wi14\project3\Builds\VisualStudio2012\Debug\CL.2392.read.1.tlog
F:\home\mds\csc344\csc344-wi14\project3\Builds\VisualStudio2012\Debug\CL.4668.write.1.tlog
F:\home\mds\csc344\csc344-wi14\project3\Builds\VisualStudio2012\Debug\CL.4912.read.1.tlog
F:\home\mds\csc344\csc344-wi14\project3\Builds\VisualStudio2012\Debug\CL.3076.read.1.tlog
F:\home\mds\csc344\csc344-wi14\project3\Builds\VisualStudio2012\Debug\CL.5972.write.1.tlog
F:\home\mds\csc344\csc344-wi14\project3\Builds\VisualStudio2012\Debug\link-rc.read.1.tlog
F:\home\mds\csc344\csc344-wi14\project3\Builds\VisualStudio2012\Debug\CL.2640.write.1.tlog
F:\home\mds\csc344\csc344-wi14\project3\Builds\VisualStudio2012\Debug\CL.4916.read.1.tlog
F:\home\mds\csc344\csc344-wi14\project3\Builds\VisualStudio2012\Debug\CL.2856.write.1.tlog
F:\home\mds\csc344\csc344-wi14\project3\Builds\VisualStudio2012\Debug\link.command.1.tlog
F:\home\mds\csc344\csc344-wi14\project3\Builds\VisualStudio2012\Debug\CL.1772.write.1.tlog
F:\home\mds\csc344\csc344-wi14\project3\Builds\VisualStudio2012\Debug\CL.292.read.1.tlog
F:\home\mds\csc344\csc344-wi14\project3\Builds\VisualStudio2012\Debug\CL.3524.read.1.tlog
F:\home\mds\csc344\csc344-wi14\project3\Builds\VisualStudio2012\Debug\link.5660-cvtres.write.1.tlog
F:\home\mds\csc344\csc344-wi14\project3\Builds\VisualStudio2012\Debug\CL.5420.write.1.tlog
F:\home\mds\csc344\csc344-wi14\project3\Builds\VisualStudio2012\Debug\CL.4600.write.1.tlog
F:\home\mds\csc344\csc344-wi14\project3\Builds\VisualStudio2012\Debug\CL.2476.write.1.tlog
F:\home\mds\csc344\csc344-wi14\project3\Builds\VisualStudio2012\Debug\CL.4412.write.1.tlog
F:\home\mds\csc344\csc344-wi14\project3\Builds\VisualStudio2012\Debug\link.2976.read.1.tlog
F:\home\mds\csc344\csc344-wi14\project3\Builds\VisualStudio2012\Debug\CL.988.read.1.tlog
F:\home\mds\csc344\csc344-wi14\project3\Builds\VisualStudio2012\Debug\link.3108.read.1.tlog
F:\home\mds\csc344\csc344-wi14\project3\Builds\VisualStudio2012\Debug\CL.4564.read.1.tlog
F:\home\mds\csc344\csc344-wi14\project3\Builds\VisualStudio2012\Debug\CL.1016.write.1.tlog
F:\home\mds\csc344\csc344-wi14\project3\Builds\VisualStudio2012\Debug\CL.584.write.1.tlog
F:\home\mds\csc344\csc344-wi14\project3\Builds\VisualStudio2012\Debug\CL.1280.write.1.tlog
F:\home\mds\csc344\csc344-wi14\project3\Builds\VisualStudio2012\Debug\CL.5504.write.1.tlog
F:\home\mds\csc344\csc344-wi14\project3\Builds\VisualStudio2012\Debug\CL.4512.write.1.tlog
F:\home\mds\csc344\csc344-wi14\project3\Builds\VisualStudio2012\Debug\link.4552-rc.write.1.tlog
F:\home\mds\csc344\csc344-wi14\project3\Builds\VisualStudio2012\Debug\CL.2408.write.1.tlog
F:\home\mds\csc344\csc344-wi14\project3\Builds\VisualStudio2012\Debug\CL.2408.read.1.tlog
F:\home\mds\csc344\csc344-wi14\project3\Builds\VisualStudio2012\Debug\link.6900.read.1.tlog
F:\home\mds\csc344\csc344-wi14\project3\Builds\VisualStudio2012\Debug\link.6900-cvtres.read.1.tlog
F:\home\mds\csc344\csc344-wi14\project3\Builds\VisualStudio2012\Debug\CL.2164.read.1.tlog
F:\home\mds\csc344\csc344-wi14\project3\Builds\VisualStudio2012\Debug\CL.4836.write.1.tlog
F:\home\mds\csc344\csc344-wi14\project3\Builds\VisualStudio2012\Debug\CL.3864.write.1.tlog
F:\home\mds\csc344\csc344-wi14\project3\Builds\VisualStudio2012\Debug\CL.5000.write.1.tlog
F:\home\mds\csc344\csc344-wi14\project3\Builds\VisualStudio2012\Debug\CL.1680.write.1.tlog
F:\home\mds\csc344\csc344-wi14\project3\Builds\VisualStudio2012\Debug\CL.4836.read.1.tlog
F:\home\mds\csc344\csc344-wi14\project3\Builds\VisualStudio2012\Debug\link-cvtres.read.1.tlog
F:\home\mds\csc344\csc344-wi14\project3\Builds\VisualStudio2012\Debug\link.3956-rc.read.1.tlog
F:\home\mds\csc344\csc344-wi14\project3\Builds\VisualStudio2012\Debug\CL.3864.read.1.tlog
F:\home\mds\csc344\csc344-wi14\project3\Builds\VisualStudio2012\Debug\link.1744-cvtres.read.1.tlog
F:\home\mds\csc344\csc344-wi14\project3\Builds\VisualStudio2012\Debug\CL.5448.read.1.tlog
F:\home\mds\csc344\csc344-wi14\project3\Builds\VisualStudio2012\Debug\CL.2216.write.1.tlog
F:\home\mds\csc344\csc344-wi14\project3\Builds\VisualStudio2012\Debug\CL.4780.write.1.tlog
F:\home\mds\csc344\csc344-wi14\project3\Builds\VisualStudio2012\Debug\CL.5096.write.1.tlog
F:\home\mds\csc344\csc344-wi14\project3\Builds\VisualStudio2012\Debug\CL.2444.write.1.tlog
F:\home\mds\csc344\csc344-wi14\project3\Builds\VisualStudio2012\Debug\CL.2624.read.1.tlog
F:\home\mds\csc344\csc344-wi14\project3\Builds\VisualStudio2012\Debug\CL.7096.read.1.tlog
F:\home\mds\csc344\csc344-wi14\project3\Builds\VisualStudio2012\Debug\CL.3368.read.1.tlog
F:\home\mds\csc344\csc344-wi14\project3\Builds\VisualStudio2012\Debug\CL.3412.read.1.tlog
F:\home\mds\csc344\csc344-wi14\project3\Builds\VisualStudio2012\Debug\CL.2536.read.1.tlog
F:\home\mds\csc344\csc344-wi14\project3\Builds\VisualStudio2012\Debug\CL.1016.read.1.tlog
F:\home\mds\csc344\csc344-wi14\project3\Builds\VisualStudio2012\Debug\CL.7096.write.1.tlog
F:\home\mds\csc344\csc344-wi14\project3\Builds\VisualStudio2012\Debug\link.write.1.tlog
F:\home\mds\csc344\csc344-wi14\project3\Builds\VisualStudio2012\Debug\CL.4668.read.1.tlog
F:\home\mds\csc344\csc344-wi14\project3\Builds\VisualStudio2012\Debug\CL.4100.write.1.tlog
F:\home\mds\csc344\csc344-wi14\project3\Builds\VisualStudio2012\Debug\CL.5316.read.1.tlog
F:\home\mds\csc344\csc344-wi14\project3\Builds\VisualStudio2012\Debug\CL.292.write.1.tlog
F:\home\mds\csc344\csc344-wi14\project3\Builds\VisualStudio2012\Debug\CL.3828.read.1.tlog
F:\home\mds\csc344\csc344-wi14\project3\Builds\VisualStudio2012\Debug\CL.2576.read.1.tlog
F:\home\mds\csc344\csc344-wi14\project3\Builds\VisualStudio2012\Debug\CL.3076.write.1.tlog
F:\home\mds\csc344\csc344-wi14\project3\Builds\VisualStudio2012\Debug\CL.4912.write.1.tlog
F:\home\mds\csc344\csc344-wi14\project3\Builds\VisualStudio2012\Debug\CL.1148.read.1.tlog
F:\home\mds\csc344\csc344-wi14\project3\Builds\VisualStudio2012\Debug\CL.2384.read.1.tlog
F:\home\mds\csc344\csc344-wi14\project3\Builds\VisualStudio2012\Debug\cl.write.1.tlog
F:\home\mds\csc344\csc344-wi14\project3\Builds\VisualStudio2012\Debug\CL.5360.write.1.tlog
F:\home\mds\csc344\csc344-wi14\project3\Builds\VisualStudio2012\Debug\link.3480-cvtres.write.1.tlog
F:\home\mds\csc344\csc344-wi14\project3\Builds\VisualStudio2012\Debug\CL.5156.write.1.tlog
F:\home\mds\csc344\csc344-wi14\project3\Builds\VisualStudio2012\Debug\CL.2476.read.1.tlog
F:\home\mds\csc344\csc344-wi14\project3\Builds\VisualStudio2012\Debug\CL.2708.write.1.tlog
F:\home\mds\csc344\csc344-wi14\project3\Builds\VisualStudio2012\Debug\CL.4132.read.1.tlog
F:\home\mds\csc344\csc344-wi14\project3\Builds\VisualStudio2012\Debug\CL.584.read.1.tlog
F:\home\mds\csc344\csc344-wi14\project3\Builds\VisualStudio2012\Debug\CL.3032.write.1.tlog
F:\home\mds\csc344\csc344-wi14\project3\Builds\VisualStudio2012\Debug\link.5004.read.1.tlog
F:\home\mds\csc344\csc344-wi14\project3\Builds\VisualStudio2012\Debug\link.6900-rc.write.1.tlog
F:\home\mds\csc344\csc344-wi14\project3\Builds\VisualStudio2012\Debug\CL.4916.write.1.tlog
F:\home\mds\csc344\csc344-wi14\project3\Builds\VisualStudio2012\Debug\CL.172.write.1.tlog
F:\home\mds\csc344\csc344-wi14\project3\Builds\VisualStudio2012\Debug\CL.4392.write.1.tlog
F:\home\mds\csc344\csc344-wi14\project3\Builds\VisualStudio2012\Debug\CL.2640.read.1.tlog
F:\home\mds\csc344\csc344-wi14\project3\Builds\VisualStudio2012\Debug\CL.1020.write.1.tlog
F:\home\mds\csc344\csc344-wi14\project3\Builds\VisualStudio2012\Debug\link.2976-cvtres.read.1.tlog
F:\home\mds\csc344\csc344-wi14\project3\Builds\VisualStudio2012\Debug\link.4160-rc.read.1.tlog
F:\home\mds\csc344\csc344-wi14\project3\Builds\VisualStudio2012\Debug\CL.4016.read.1.tlog
F:\home\mds\csc344\csc344-wi14\project3\Builds\VisualStudio2012\Debug\CL.2392.write.1.tlog
F:\home\mds\csc344\csc344-wi14\project3\Builds\VisualStudio2012\Debug\CL.3412.write.1.tlog
F:\home\mds\csc344\csc344-wi14\project3\Builds\VisualStudio2012\Debug\CL.2536.write.1.tlog
F:\home\mds\csc344\csc344-wi14\project3\Builds\VisualStudio2012\Debug\CL.1672.read.1.tlog
F:\home\mds\csc344\csc344-wi14\project3\Builds\VisualStudio2012\Debug\link.5660.write.1.tlog
F:\home\mds\csc344\csc344-wi14\project3\Builds\VisualStudio2012\Debug\CL.5536.read.1.tlog
F:\home\mds\csc344\csc344-wi14\project3\Builds\VisualStudio2012\Debug\CL.4976.write.1.tlog
F:\home\mds\csc344\csc344-wi14\project3\Builds\VisualStudio2012\Debug\CL.2444.read.1.tlog
F:\home\mds\csc344\csc344-wi14\project3\Builds\VisualStudio2012\Debug\CL.3920.write.1.tlog
F:\home\mds\csc344\csc344-wi14\project3\Builds\VisualStudio2012\Debug\CL.5132.write.1.tlog
F:\home\mds\csc344\csc344-wi14\project3\Builds\VisualStudio2012\Debug\link.5004-cvtres.write.1.tlog
F:\home\mds\csc344\csc344-wi14\project3\Builds\VisualStudio2012\Debug\CL.5132.read.1.tlog
F:\home\mds\csc344\csc344-wi14\project3\Builds\VisualStudio2012\Debug\CL.4600.read.1.tlog
F:\home\mds\csc344\csc344-wi14\project3\Builds\VisualStudio2012\Debug\link.4552-cvtres.write.1.tlog
F:\home\mds\csc344\csc344-wi14\project3\Builds\VisualStudio2012\Debug\CL.5504.read.1.tlog
F:\home\mds\csc344\csc344-wi14\project3\Builds\VisualStudio2012\Debug\CL.2396.write.1.tlog
F:\home\mds\csc344\csc344-wi14\project3\Builds\VisualStudio2012\Debug\CL.3416.read.1.tlog
F:\home\mds\csc344\csc344-wi14\project3\Builds\VisualStudio2012\Debug\CL.3540.write.1.tlog
F:\home\mds\csc344\csc344-wi14\project3\Builds\VisualStudio2012\Debug\link.6836-cvtres.write.1.tlog
F:\home\mds\csc344\csc344-wi14\project3\Builds\VisualStudio2012\Debug\link.5004-rc.write.1.tlog
F:\home\mds\csc344\csc344-wi14\project3\Builds\VisualStudio2012\Debug\p3.write.1.tlog
F:\home\mds\csc344\csc344-wi14\project3\Builds\VisualStudio2012\Debug\link.6836.write.1.tlog
F:\home\mds\csc344\csc344-wi14\project3\Builds\VisualStudio2012\Debug\CL.5364.write.1.tlog
F:\home\mds\csc344\csc344-wi14\project3\Builds\VisualStudio2012\Debug\link.5004-rc.read.1.tlog
F:\home\mds\csc344\csc344-wi14\project3\Builds\VisualStudio2012\Debug\CL.3116.write.1.tlog
F:\home\mds\csc344\csc344-wi14\project3\Builds\VisualStudio2012\Debug\CL.3000.write.1.tlog
F:\home\mds\csc344\csc344-wi14\project3\Builds\VisualStudio2012\Debug\link.1744.read.1.tlog
F:\home\mds\csc344\csc344-wi14\project3\Builds\VisualStudio2012\Debug\CL.984.read.1.tlog
F:\home\mds\csc344\csc344-wi14\project3\Builds\VisualStudio2012\Debug\link.3108.write.1.tlog
F:\home\mds\csc344\csc344-wi14\project3\Builds\VisualStudio2012\Debug\CL.3584.read.1.tlog
F:\home\mds\csc344\csc344-wi14\project3\Builds\VisualStudio2012\Debug\CL.5456.write.1.tlog
F:\home\mds\csc344\csc344-wi14\project3\Builds\VisualStudio2012\Debug\link.6836.read.1.tlog
F:\home\mds\csc344\csc344-wi14\project3\Builds\VisualStudio2012\Debug\CL.4848.write.1.tlog
F:\home\mds\csc344\csc344-wi14\project3\Builds\VisualStudio2012\Debug\CL.4976.read.1.tlog
F:\home\mds\csc344\csc344-wi14\project3\Builds\VisualStudio2012\Debug\CL.3960.read.1.tlog
F:\home\mds\csc344\csc344-wi14\project3\Builds\VisualStudio2012\Debug\cl.command.1.tlog
F:\home\mds\csc344\csc344-wi14\project3\Builds\VisualStudio2012\Debug\CL.4132.write.1.tlog
F:\home\mds\csc344\csc344-wi14\project3\Builds\VisualStudio2012\Debug\CL.4688.write.1.tlog
F:\home\mds\csc344\csc344-wi14\project3\Builds\VisualStudio2012\Debug\CL.5420.read.1.tlog
F:\home\mds\csc344\csc344-wi14\project3\Builds\VisualStudio2012\Debug\CL.1280.read.1.tlog
F:\home\mds\csc344\csc344-wi14\project3\Builds\VisualStudio2012\Debug\CL.5308.write.1.tlog
F:\home\mds\csc344\csc344-wi14\project3\Builds\VisualStudio2012\Debug\CL.4760.read.1.tlog
F:\home\mds\csc344\csc344-wi14\project3\Builds\VisualStudio2012\Debug\CL.4720.write.1.tlog
F:\home\mds\csc344\csc344-wi14\project3\Builds\VisualStudio2012\Debug\CL.5000.read.1.tlog
F:\home\mds\csc344\csc344-wi14\project3\Builds\VisualStudio2012\Debug\CL.3352.write.1.tlog
F:\home\mds\csc344\csc344-wi14\project3\Builds\VisualStudio2012\Debug\CL.4712.write.1.tlog
F:\home\mds\csc344\csc344-wi14\project3\Builds\VisualStudio2012\Debug\resources.res
F:\home\mds\csc344\csc344-wi14\project3\Builds\VisualStudio2012\Debug\vc110.idb
F:\home\mds\csc344\csc344-wi14\project3\Builds\VisualStudio2012\Debug\vc110.pdb
F:\home\mds\csc344\csc344-wi14\project3\Builds\VisualStudio2012\Debug\p3.pdb
F:\home\mds\csc344\csc344-wi14\project3\Builds\VisualStudio2012\.\Debug\p3.dll
